
  .   ____          _            __ _ _
 /\\ / ___'_ __ _ _(_)_ __  __ _ \ \ \ \
( ( )\___ | '_ | '_| | '_ \/ _` | \ \ \ \
 \\/  ___)| |_)| | | | | || (_| |  ) ) ) )
  '  |____| .__|_| |_|_| |_\__, | / / / /
 =========|_|==============|___/=/_/_/_/

 :: Spring Boot ::                (v4.0.0)

2025-12-20 17:46:00.420 INFO  [] c.a.t.TraveloptimizerApplication - Starting TraveloptimizerApplication v0.0.1-SNAPSHOT using Java 25.0.1 with PID 1540 (C:\Users\garci\dev\traveloptimizer\target\traveloptimizer-0.0.1-SNAPSHOT.jar started by garci in C:\Users\garci\dev\traveloptimizer)
2025-12-20 17:46:00.425 DEBUG [] c.a.t.TraveloptimizerApplication - Running with Spring Boot v4.0.0, Spring v7.0.1
2025-12-20 17:46:00.427 INFO  [] c.a.t.TraveloptimizerApplication - The following 1 profile is active: "dev-no-security"
2025-12-20 17:46:00.738 INFO  [] o.h.validator.internal.util.Version - HV000001: Hibernate Validator 9.0.1.Final
2025-12-20 17:46:02.539 INFO  [] o.s.d.r.c.RepositoryConfigurationDelegate - Multiple Spring Data modules found, entering strict repository configuration mode
2025-12-20 17:46:02.541 INFO  [] o.s.d.r.c.RepositoryConfigurationDelegate - Bootstrapping Spring Data JPA repositories in DEFAULT mode.
2025-12-20 17:46:02.754 INFO  [] o.s.d.r.c.RepositoryConfigurationDelegate - Finished Spring Data repository scanning in 196 ms. Found 4 JPA repository interfaces.
2025-12-20 17:46:02.968 INFO  [] o.s.d.r.c.RepositoryConfigurationDelegate - Multiple Spring Data modules found, entering strict repository configuration mode
2025-12-20 17:46:03.006 INFO  [] o.s.d.r.c.RepositoryConfigurationDelegate - Bootstrapping Spring Data Redis repositories in DEFAULT mode.
2025-12-20 17:46:03.072 INFO  [] o.s.d.r.c.RepositoryConfigurationExtensionSupport - Spring Data Redis - Could not safely identify store assignment for repository candidate interface com.adriangarciao.traveloptimizer.repository.FlightOptionRepository; If you want this repository to be a Redis repository, consider annotating your entities with one of these annotations: org.springframework.data.redis.core.RedisHash (preferred), or consider extending one of the following types with your repository: org.springframework.data.keyvalue.repository.KeyValueRepository
2025-12-20 17:46:03.073 INFO  [] o.s.d.r.c.RepositoryConfigurationExtensionSupport - Spring Data Redis - Could not safely identify store assignment for repository candidate interface com.adriangarciao.traveloptimizer.repository.LodgingOptionRepository; If you want this repository to be a Redis repository, consider annotating your entities with one of these annotations: org.springframework.data.redis.core.RedisHash (preferred), or consider extending one of the following types with your repository: org.springframework.data.keyvalue.repository.KeyValueRepository
2025-12-20 17:46:03.074 INFO  [] o.s.d.r.c.RepositoryConfigurationExtensionSupport - Spring Data Redis - Could not safely identify store assignment for repository candidate interface com.adriangarciao.traveloptimizer.repository.TripOptionRepository; If you want this repository to be a Redis repository, consider annotating your entities with one of these annotations: org.springframework.data.redis.core.RedisHash (preferred), or consider extending one of the following types with your repository: org.springframework.data.keyvalue.repository.KeyValueRepository
2025-12-20 17:46:03.075 INFO  [] o.s.d.r.c.RepositoryConfigurationExtensionSupport - Spring Data Redis - Could not safely identify store assignment for repository candidate interface com.adriangarciao.traveloptimizer.repository.TripSearchRepository; If you want this repository to be a Redis repository, consider annotating your entities with one of these annotations: org.springframework.data.redis.core.RedisHash (preferred), or consider extending one of the following types with your repository: org.springframework.data.keyvalue.repository.KeyValueRepository
2025-12-20 17:46:03.075 INFO  [] o.s.d.r.c.RepositoryConfigurationDelegate - Finished Spring Data repository scanning in 43 ms. Found 0 Redis repository interfaces.
2025-12-20 17:46:05.130 INFO  [] o.s.boot.tomcat.TomcatWebServer - Tomcat initialized with port 8080 (http)
2025-12-20 17:46:05.191 INFO  [] o.a.coyote.http11.Http11NioProtocol - Initializing ProtocolHandler ["http-nio-8080"]
2025-12-20 17:46:05.246 INFO  [] o.a.catalina.core.StandardService - Starting service [Tomcat]
2025-12-20 17:46:05.247 INFO  [] o.a.catalina.core.StandardEngine - Starting Servlet engine: [Apache Tomcat/11.0.14]
2025-12-20 17:46:05.286 INFO  [] o.s.b.w.c.s.WebApplicationContextInitializer - Root WebApplicationContext: initialization completed in 4758 ms
2025-12-20 17:46:05.839 DEBUG [] c.a.t.c.RequestCorrelationFilter - Filter 'requestCorrelationFilter' configured for use
2025-12-20 17:46:06.149 INFO  [] o.h.jpa.internal.util.LogHelper - HHH000204: Processing PersistenceUnitInfo [name: default]
2025-12-20 17:46:06.223 INFO  [] org.hibernate.Version - HHH000412: Hibernate ORM core version 7.1.8.Final
2025-12-20 17:46:06.915 INFO  [] o.s.o.j.p.SpringPersistenceUnitInfo - No LoadTimeWeaver setup: ignoring JPA class transformer
2025-12-20 17:46:06.985 INFO  [] com.zaxxer.hikari.HikariDataSource - HikariPool-1 - Starting...
2025-12-20 17:46:07.298 INFO  [] com.zaxxer.hikari.pool.HikariPool - HikariPool-1 - Added connection org.postgresql.jdbc.PgConnection@55e3b64d
2025-12-20 17:46:07.301 INFO  [] com.zaxxer.hikari.HikariDataSource - HikariPool-1 - Start completed.
2025-12-20 17:46:07.397 INFO  [] o.hibernate.orm.connections.pooling - HHH10001005: Database info:
	Database JDBC URL [jdbc:postgresql://localhost:5433/traveloptimizer]
	Database driver: PostgreSQL JDBC Driver
	Database dialect: PostgreSQLDialect
	Database version: 15.15
	Default catalog/schema: traveloptimizer/public
	Autocommit mode: undefined/unknown
	Isolation level: READ_COMMITTED [default READ_COMMITTED]
	JDBC fetch size: none
	Pool: DatasourceConnectionProviderImpl
	Minimum pool size: undefined/unknown
	Maximum pool size: undefined/unknown
2025-12-20 17:46:08.954 INFO  [] o.h.e.t.j.p.i.JtaPlatformInitiator - HHH000489: No JTA platform available (set 'hibernate.transaction.jta.platform' to enable JTA platform integration)
2025-12-20 17:46:09.101 INFO  [] o.s.o.j.LocalContainerEntityManagerFactoryBean - Initialized JPA EntityManagerFactory for persistence unit 'default'
2025-12-20 17:46:10.434 INFO  [] o.s.d.j.r.q.QueryEnhancerFactories - Hibernate is in classpath; If applicable, HQL parser will be used.
2025-12-20 17:46:10.972 INFO  [] c.a.t.config.FallbackCacheConfig - No Redis CacheManager present; using in-memory fallback CacheManager for local dev.
2025-12-20 17:46:11.215 WARN  [] o.s.b.j.a.JpaBaseConfiguration$JpaWebConfiguration - spring.jpa.open-in-view is enabled by default. Therefore, database queries may be performed during view rendering. Explicitly configure spring.jpa.open-in-view to disable this warning
2025-12-20 17:46:13.785 WARN  [] o.s.b.s.a.UserDetailsServiceAutoConfiguration - 

Using generated security password: 6153c9f4-8e13-47b5-9f54-0e524b4215ec

This generated password is for development use only. Your security configuration must be updated before running your application in production.

2025-12-20 17:46:13.883 INFO  [] o.s.s.c.a.a.c.InitializeUserDetailsBeanManagerConfigurer$InitializeUserDetailsManagerConfigurer - Global AuthenticationManager configured with UserDetailsService bean with name inMemoryUserDetailsManager
2025-12-20 17:46:14.356 INFO  [] o.s.b.a.e.web.EndpointLinksResolver - Exposing 1 endpoint beneath base path '/actuator'
2025-12-20 17:46:14.394 DEBUG [] o.s.s.web.DefaultSecurityFilterChain - Will secure any request with filters: DisableEncodeUrlFilter, WebAsyncManagerIntegrationFilter, SecurityContextHolderFilter, HeaderWriterFilter, CorsFilter, CsrfFilter, LogoutFilter, UsernamePasswordAuthenticationFilter, DefaultResourcesFilter, DefaultLoginPageGeneratingFilter, DefaultLogoutPageGeneratingFilter, BasicAuthenticationFilter, RequestCacheAwareFilter, SecurityContextHolderAwareRequestFilter, AnonymousAuthenticationFilter, ExceptionTranslationFilter, AuthorizationFilter
2025-12-20 17:46:14.608 INFO  [] o.a.coyote.http11.Http11NioProtocol - Starting ProtocolHandler ["http-nio-8080"]
2025-12-20 17:46:14.622 INFO  [] o.s.boot.tomcat.TomcatWebServer - Tomcat started on port 8080 (http) with context path '/'
2025-12-20 17:46:14.642 INFO  [] c.a.t.TraveloptimizerApplication - Started TraveloptimizerApplication in 15.259 seconds (process running for 16.448)
2025-12-20 17:46:15.384 INFO  [] c.a.t.config.RedisHealthLogger - Redis health check successful: PONG
