
  .   ____          _            __ _ _
 /\\ / ___'_ __ _ _(_)_ __  __ _ \ \ \ \
( ( )\___ | '_ | '_| | '_ \/ _` | \ \ \ \
 \\/  ___)| |_)| | | | | || (_| |  ) ) ) )
  '  |____| .__|_| |_|_| |_\__, | / / / /
 =========|_|==============|___/=/_/_/_/

 :: Spring Boot ::                (v4.0.0)

2025-12-26 17:27:03.361 INFO  [] c.a.t.TraveloptimizerApplication - Starting TraveloptimizerApplication v0.0.1-SNAPSHOT using Java 17.0.17 with PID 22836 (C:\Users\garci\dev\traveloptimizer\target\traveloptimizer-0.0.1-SNAPSHOT.jar started by garci in C:\Users\garci\dev\traveloptimizer)
2025-12-26 17:27:03.368 DEBUG [] c.a.t.TraveloptimizerApplication - Running with Spring Boot v4.0.0, Spring v7.0.1
2025-12-26 17:27:03.370 INFO  [] c.a.t.TraveloptimizerApplication - The following 1 profile is active: "dev-no-security"
2025-12-26 17:27:03.728 INFO  [] o.h.validator.internal.util.Version - HV000001: Hibernate Validator 9.0.1.Final
2025-12-26 17:27:05.495 INFO  [] o.s.d.r.c.RepositoryConfigurationDelegate - Multiple Spring Data modules found, entering strict repository configuration mode
2025-12-26 17:27:05.501 INFO  [] o.s.d.r.c.RepositoryConfigurationDelegate - Bootstrapping Spring Data JPA repositories in DEFAULT mode.
2025-12-26 17:27:05.771 INFO  [] o.s.d.r.c.RepositoryConfigurationDelegate - Finished Spring Data repository scanning in 251 ms. Found 5 JPA repository interfaces.
2025-12-26 17:27:05.816 INFO  [] o.s.d.r.c.RepositoryConfigurationDelegate - Multiple Spring Data modules found, entering strict repository configuration mode
2025-12-26 17:27:05.819 INFO  [] o.s.d.r.c.RepositoryConfigurationDelegate - Bootstrapping Spring Data Redis repositories in DEFAULT mode.
2025-12-26 17:27:05.842 INFO  [] o.s.d.r.c.RepositoryConfigurationExtensionSupport - Spring Data Redis - Could not safely identify store assignment for repository candidate interface com.adriangarciao.traveloptimizer.repository.FlightOptionRepository; If you want this repository to be a Redis repository, consider annotating your entities with one of these annotations: org.springframework.data.redis.core.RedisHash (preferred), or consider extending one of the following types with your repository: org.springframework.data.keyvalue.repository.KeyValueRepository
2025-12-26 17:27:05.843 INFO  [] o.s.d.r.c.RepositoryConfigurationExtensionSupport - Spring Data Redis - Could not safely identify store assignment for repository candidate interface com.adriangarciao.traveloptimizer.repository.LodgingOptionRepository; If you want this repository to be a Redis repository, consider annotating your entities with one of these annotations: org.springframework.data.redis.core.RedisHash (preferred), or consider extending one of the following types with your repository: org.springframework.data.keyvalue.repository.KeyValueRepository
2025-12-26 17:27:05.845 INFO  [] o.s.d.r.c.RepositoryConfigurationExtensionSupport - Spring Data Redis - Could not safely identify store assignment for repository candidate interface com.adriangarciao.traveloptimizer.repository.SavedTripOptionRepository; If you want this repository to be a Redis repository, consider annotating your entities with one of these annotations: org.springframework.data.redis.core.RedisHash (preferred), or consider extending one of the following types with your repository: org.springframework.data.keyvalue.repository.KeyValueRepository
2025-12-26 17:27:05.846 INFO  [] o.s.d.r.c.RepositoryConfigurationExtensionSupport - Spring Data Redis - Could not safely identify store assignment for repository candidate interface com.adriangarciao.traveloptimizer.repository.TripOptionRepository; If you want this repository to be a Redis repository, consider annotating your entities with one of these annotations: org.springframework.data.redis.core.RedisHash (preferred), or consider extending one of the following types with your repository: org.springframework.data.keyvalue.repository.KeyValueRepository
2025-12-26 17:27:05.847 INFO  [] o.s.d.r.c.RepositoryConfigurationExtensionSupport - Spring Data Redis - Could not safely identify store assignment for repository candidate interface com.adriangarciao.traveloptimizer.repository.TripSearchRepository; If you want this repository to be a Redis repository, consider annotating your entities with one of these annotations: org.springframework.data.redis.core.RedisHash (preferred), or consider extending one of the following types with your repository: org.springframework.data.keyvalue.repository.KeyValueRepository
2025-12-26 17:27:05.847 INFO  [] o.s.d.r.c.RepositoryConfigurationDelegate - Finished Spring Data repository scanning in 12 ms. Found 0 Redis repository interfaces.
2025-12-26 17:27:07.838 INFO  [] o.s.boot.tomcat.TomcatWebServer - Tomcat initialized with port 8080 (http)
2025-12-26 17:27:07.858 INFO  [] o.a.coyote.http11.Http11NioProtocol - Initializing ProtocolHandler ["http-nio-8080"]
2025-12-26 17:27:07.861 INFO  [] o.a.catalina.core.StandardService - Starting service [Tomcat]
2025-12-26 17:27:07.862 INFO  [] o.a.catalina.core.StandardEngine - Starting Servlet engine: [Apache Tomcat/11.0.14]
2025-12-26 17:27:07.914 INFO  [] o.s.b.w.c.s.WebApplicationContextInitializer - Root WebApplicationContext: initialization completed in 4426 ms
2025-12-26 17:27:08.430 DEBUG [] c.a.t.c.RequestCorrelationFilter - Filter 'requestCorrelationFilter' configured for use
2025-12-26 17:27:08.632 INFO  [] o.h.jpa.internal.util.LogHelper - HHH000204: Processing PersistenceUnitInfo [name: default]
2025-12-26 17:27:08.718 INFO  [] org.hibernate.Version - HHH000412: Hibernate ORM core version 7.1.8.Final
2025-12-26 17:27:09.418 INFO  [] o.s.o.j.p.SpringPersistenceUnitInfo - No LoadTimeWeaver setup: ignoring JPA class transformer
2025-12-26 17:27:09.483 INFO  [] com.zaxxer.hikari.HikariDataSource - HikariPool-1 - Starting...
2025-12-26 17:27:09.787 INFO  [] com.zaxxer.hikari.pool.HikariPool - HikariPool-1 - Added connection conn0: url=jdbc:h2:mem:traveloptimizer user=SA
2025-12-26 17:27:09.789 INFO  [] com.zaxxer.hikari.HikariDataSource - HikariPool-1 - Start completed.
2025-12-26 17:27:09.855 INFO  [] o.hibernate.orm.connections.pooling - HHH10001005: Database info:
	Database JDBC URL [jdbc:h2:mem:traveloptimizer]
	Database driver: H2 JDBC Driver
	Database dialect: H2Dialect
	Database version: 2.4.240
	Default catalog/schema: TRAVELOPTIMIZER/PUBLIC
	Autocommit mode: undefined/unknown
	Isolation level: READ_COMMITTED [default READ_COMMITTED]
	JDBC fetch size: 100
	Pool: DatasourceConnectionProviderImpl
	Minimum pool size: undefined/unknown
	Maximum pool size: undefined/unknown
2025-12-26 17:27:11.682 INFO  [] o.h.e.t.j.p.i.JtaPlatformInitiator - HHH000489: No JTA platform available (set 'hibernate.transaction.jta.platform' to enable JTA platform integration)
2025-12-26 17:27:11.790 INFO  [] o.s.o.j.LocalContainerEntityManagerFactoryBean - Initialized JPA EntityManagerFactory for persistence unit 'default'
2025-12-26 17:27:13.464 INFO  [] o.s.d.j.r.q.QueryEnhancerFactories - Hibernate is in classpath; If applicable, HQL parser will be used.
2025-12-26 17:27:14.468 WARN  [] o.s.b.j.a.JpaBaseConfiguration$JpaWebConfiguration - spring.jpa.open-in-view is enabled by default. Therefore, database queries may be performed during view rendering. Explicitly configure spring.jpa.open-in-view to disable this warning
2025-12-26 17:27:14.887 WARN  [] o.s.b.s.a.UserDetailsServiceAutoConfiguration - 

Using generated security password: c8ceadd3-8429-40f2-bbf7-8f0c99f6929b

This generated password is for development use only. Your security configuration must be updated before running your application in production.

2025-12-26 17:27:14.908 INFO  [] o.s.s.c.a.a.c.InitializeUserDetailsBeanManagerConfigurer$InitializeUserDetailsManagerConfigurer - Global AuthenticationManager configured with UserDetailsService bean with name inMemoryUserDetailsManager
2025-12-26 17:27:15.153 INFO  [] c.a.t.config.DevSecurityConfig - Activating dev-no-security SecurityFilterChain: permitting all requests
2025-12-26 17:27:15.312 INFO  [] c.a.t.config.DevSecurityConfig - Dev web security customizer: ignoring static and API endpoints
2025-12-26 17:27:15.319 INFO  [] c.a.t.config.FallbackCacheConfig - No Redis CacheManager present; using in-memory fallback CacheManager for local dev.
2025-12-26 17:27:17.883 WARN  [] o.s.s.c.a.web.builders.WebSecurity - You are asking Spring Security to ignore PathPattern [/api/**]. This is not recommended -- please use permitAll via HttpSecurity#authorizeHttpRequests instead.
2025-12-26 17:27:17.884 WARN  [] o.s.s.c.a.web.builders.WebSecurity - You are asking Spring Security to ignore PathPattern [/actuator/**]. This is not recommended -- please use permitAll via HttpSecurity#authorizeHttpRequests instead.
2025-12-26 17:27:17.885 WARN  [] o.s.s.c.a.web.builders.WebSecurity - You are asking Spring Security to ignore PathPattern [/static/**]. This is not recommended -- please use permitAll via HttpSecurity#authorizeHttpRequests instead.
2025-12-26 17:27:17.990 INFO  [] o.s.b.a.e.web.EndpointLinksResolver - Exposing 1 endpoint beneath base path '/actuator'
2025-12-26 17:27:18.277 INFO  [] o.a.coyote.http11.Http11NioProtocol - Starting ProtocolHandler ["http-nio-8080"]
2025-12-26 17:27:18.323 INFO  [] o.s.boot.tomcat.TomcatWebServer - Tomcat started on port 8080 (http) with context path '/'
2025-12-26 17:27:18.363 INFO  [] c.a.t.TraveloptimizerApplication - Started TraveloptimizerApplication in 16.008 seconds (process running for 17.043)
2025-12-26 17:27:18.480 INFO  [] c.a.t.config.ProviderVerifier - [DEV] travel.providers.flights=amadeus -> active provider bean=com.adriangarciao.traveloptimizer.provider.impl.AmadeusFlightSearchProvider$$SpringCGLIB$$0 (AmadeusFlightSearchProvider$$SpringCGLIB$$0)
2025-12-26 17:27:18.595 INFO  [] c.a.t.TraveloptimizerApplication - Startup: activeProfile=dev-no-security configuredPort=8080 build=138ede3
2025-12-26 17:27:18.659 INFO  [] o.a.c.c.C.[Tomcat].[localhost].[/] - Initializing Spring DispatcherServlet 'dispatcherServlet'
2025-12-26 17:27:18.661 INFO  [] o.s.web.servlet.DispatcherServlet - Initializing Servlet 'dispatcherServlet'
2025-12-26 17:27:18.666 INFO  [] o.s.web.servlet.DispatcherServlet - Completed initialization in 3 ms
2025-12-26 17:27:19.805 INFO  [] c.a.t.config.RedisHealthLogger - Redis health check successful: PONG
2025-12-26 17:27:29.133 INFO  [efa24b0e-3f6d-412f-876d-fc0e937f6a24] c.a.t.c.TripSearchController - Inbound search request: origin=ORD destination=LAX earliestDepartureDate=2026-01-10 latestDepartureDate=2026-01-15 numTravelers=1 maxBudget=1000
2025-12-26 17:27:29.218 INFO  [efa24b0e-3f6d-412f-876d-fc0e937f6a24] c.a.t.s.impl.TripSearchServiceImpl - Search request start: origin=ORD dest=LAX travel.providers.flights=amadeus providerBean=com.adriangarciao.traveloptimizer.provider.impl.AmadeusFlightSearchProvider$$SpringCGLIB$$0
2025-12-26 17:27:29.218 INFO  [efa24b0e-3f6d-412f-876d-fc0e937f6a24] c.a.t.s.impl.TripSearchServiceImpl - Using Amadeus provider? true
2025-12-26 17:27:29.218 INFO  [efa24b0e-3f6d-412f-876d-fc0e937f6a24] c.a.t.s.impl.TripSearchServiceImpl - Persisting TripSearch for ORD -> LAX
2025-12-26 17:27:29.280 INFO  [] c.a.t.p.i.AmadeusFlightSearchProvider - Amadeus search start (timeoutMs=10000ms maxResults=10 origin=ORD dest=LAX)
2025-12-26 17:27:30.700 INFO  [] c.a.t.p.i.AmadeusFlightSearchProvider - Amadeus token acquired (timeoutMs=10000ms) for origin=ORD dest=LAX
2025-12-26 17:27:30.702 INFO  [] c.a.t.p.i.AmadeusFlightSearchProvider - Amadeus request params: originLocationCode=ORD destinationLocationCode=LAX departureDate=2026-01-10 returnDate=null adults=1 nonStop=false max=10 currencyCode=USD maxPrice=1000
2025-12-26 17:27:33.350 INFO  [] c.a.t.p.i.AmadeusFlightSearchProvider - Offer summary: price=96.04 currency=USD; ORD->ATL; ATL->LAX; stops=1; duration=9h 15m
2025-12-26 17:27:33.351 INFO  [] c.a.t.p.i.AmadeusFlightSearchProvider - Offer summary: price=101.64 currency=USD; ORD->DFW; DFW->LAX; stops=1; duration=10h 33m
2025-12-26 17:27:33.351 INFO  [] c.a.t.p.i.AmadeusFlightSearchProvider - Amadeus offers returned: 10 (origin=ORD dest=LAX timeoutMs=10000ms elapsedMs=4049)
