
  .   ____          _            __ _ _
 /\\ / ___'_ __ _ _(_)_ __  __ _ \ \ \ \
( ( )\___ | '_ | '_| | '_ \/ _` | \ \ \ \
 \\/  ___)| |_)| | | | | || (_| |  ) ) ) )
  '  |____| .__|_| |_|_| |_\__, | / / / /
 =========|_|==============|___/=/_/_/_/

 :: Spring Boot ::                (v4.0.0)

2025-12-25 18:53:05.685 INFO  [] c.a.t.TraveloptimizerApplication - Starting TraveloptimizerApplication v0.0.1-SNAPSHOT using Java 17.0.17 with PID 5928 (C:\Users\garci\dev\traveloptimizer\target\traveloptimizer-0.0.1-SNAPSHOT.jar started by garci in C:\Users\garci\dev\traveloptimizer)
2025-12-25 18:53:05.693 DEBUG [] c.a.t.TraveloptimizerApplication - Running with Spring Boot v4.0.0, Spring v7.0.1
2025-12-25 18:53:05.695 INFO  [] c.a.t.TraveloptimizerApplication - The following 1 profile is active: "dev-no-security"
2025-12-25 18:53:06.059 INFO  [] o.h.validator.internal.util.Version - HV000001: Hibernate Validator 9.0.1.Final
2025-12-25 18:53:07.655 INFO  [] o.s.d.r.c.RepositoryConfigurationDelegate - Multiple Spring Data modules found, entering strict repository configuration mode
2025-12-25 18:53:07.659 INFO  [] o.s.d.r.c.RepositoryConfigurationDelegate - Bootstrapping Spring Data JPA repositories in DEFAULT mode.
2025-12-25 18:53:07.900 INFO  [] o.s.d.r.c.RepositoryConfigurationDelegate - Finished Spring Data repository scanning in 222 ms. Found 5 JPA repository interfaces.
2025-12-25 18:53:07.934 INFO  [] o.s.d.r.c.RepositoryConfigurationDelegate - Multiple Spring Data modules found, entering strict repository configuration mode
2025-12-25 18:53:07.937 INFO  [] o.s.d.r.c.RepositoryConfigurationDelegate - Bootstrapping Spring Data Redis repositories in DEFAULT mode.
2025-12-25 18:53:07.962 INFO  [] o.s.d.r.c.RepositoryConfigurationExtensionSupport - Spring Data Redis - Could not safely identify store assignment for repository candidate interface com.adriangarciao.traveloptimizer.repository.FlightOptionRepository; If you want this repository to be a Redis repository, consider annotating your entities with one of these annotations: org.springframework.data.redis.core.RedisHash (preferred), or consider extending one of the following types with your repository: org.springframework.data.keyvalue.repository.KeyValueRepository
2025-12-25 18:53:07.962 INFO  [] o.s.d.r.c.RepositoryConfigurationExtensionSupport - Spring Data Redis - Could not safely identify store assignment for repository candidate interface com.adriangarciao.traveloptimizer.repository.LodgingOptionRepository; If you want this repository to be a Redis repository, consider annotating your entities with one of these annotations: org.springframework.data.redis.core.RedisHash (preferred), or consider extending one of the following types with your repository: org.springframework.data.keyvalue.repository.KeyValueRepository
2025-12-25 18:53:07.963 INFO  [] o.s.d.r.c.RepositoryConfigurationExtensionSupport - Spring Data Redis - Could not safely identify store assignment for repository candidate interface com.adriangarciao.traveloptimizer.repository.SavedTripOptionRepository; If you want this repository to be a Redis repository, consider annotating your entities with one of these annotations: org.springframework.data.redis.core.RedisHash (preferred), or consider extending one of the following types with your repository: org.springframework.data.keyvalue.repository.KeyValueRepository
2025-12-25 18:53:07.963 INFO  [] o.s.d.r.c.RepositoryConfigurationExtensionSupport - Spring Data Redis - Could not safely identify store assignment for repository candidate interface com.adriangarciao.traveloptimizer.repository.TripOptionRepository; If you want this repository to be a Redis repository, consider annotating your entities with one of these annotations: org.springframework.data.redis.core.RedisHash (preferred), or consider extending one of the following types with your repository: org.springframework.data.keyvalue.repository.KeyValueRepository
2025-12-25 18:53:07.963 INFO  [] o.s.d.r.c.RepositoryConfigurationExtensionSupport - Spring Data Redis - Could not safely identify store assignment for repository candidate interface com.adriangarciao.traveloptimizer.repository.TripSearchRepository; If you want this repository to be a Redis repository, consider annotating your entities with one of these annotations: org.springframework.data.redis.core.RedisHash (preferred), or consider extending one of the following types with your repository: org.springframework.data.keyvalue.repository.KeyValueRepository
2025-12-25 18:53:07.964 INFO  [] o.s.d.r.c.RepositoryConfigurationDelegate - Finished Spring Data repository scanning in 8 ms. Found 0 Redis repository interfaces.
2025-12-25 18:53:10.031 INFO  [] o.s.boot.tomcat.TomcatWebServer - Tomcat initialized with port 8080 (http)
2025-12-25 18:53:10.052 INFO  [] o.a.coyote.http11.Http11NioProtocol - Initializing ProtocolHandler ["http-nio-8080"]
2025-12-25 18:53:10.056 INFO  [] o.a.catalina.core.StandardService - Starting service [Tomcat]
2025-12-25 18:53:10.056 INFO  [] o.a.catalina.core.StandardEngine - Starting Servlet engine: [Apache Tomcat/11.0.14]
2025-12-25 18:53:10.122 INFO  [] o.s.b.w.c.s.WebApplicationContextInitializer - Root WebApplicationContext: initialization completed in 4328 ms
2025-12-25 18:53:10.648 DEBUG [] c.a.t.c.RequestCorrelationFilter - Filter 'requestCorrelationFilter' configured for use
2025-12-25 18:53:10.861 INFO  [] o.h.jpa.internal.util.LogHelper - HHH000204: Processing PersistenceUnitInfo [name: default]
2025-12-25 18:53:10.956 INFO  [] org.hibernate.Version - HHH000412: Hibernate ORM core version 7.1.8.Final
2025-12-25 18:53:11.634 INFO  [] o.s.o.j.p.SpringPersistenceUnitInfo - No LoadTimeWeaver setup: ignoring JPA class transformer
2025-12-25 18:53:11.730 INFO  [] com.zaxxer.hikari.HikariDataSource - HikariPool-1 - Starting...
2025-12-25 18:53:12.026 INFO  [] com.zaxxer.hikari.pool.HikariPool - HikariPool-1 - Added connection conn0: url=jdbc:h2:mem:2db9ed52-2e81-4c2c-b424-66e24c8b91c0 user=SA
2025-12-25 18:53:12.029 INFO  [] com.zaxxer.hikari.HikariDataSource - HikariPool-1 - Start completed.
2025-12-25 18:53:12.097 INFO  [] o.hibernate.orm.connections.pooling - HHH10001005: Database info:
	Database JDBC URL [jdbc:h2:mem:2db9ed52-2e81-4c2c-b424-66e24c8b91c0]
	Database driver: H2 JDBC Driver
	Database dialect: H2Dialect
	Database version: 2.4.240
	Default catalog/schema: 2DB9ED52-2E81-4C2C-B424-66E24C8B91C0/PUBLIC
	Autocommit mode: undefined/unknown
	Isolation level: READ_COMMITTED [default READ_COMMITTED]
	JDBC fetch size: 100
	Pool: DatasourceConnectionProviderImpl
	Minimum pool size: undefined/unknown
	Maximum pool size: undefined/unknown
2025-12-25 18:53:13.926 INFO  [] o.h.e.t.j.p.i.JtaPlatformInitiator - HHH000489: No JTA platform available (set 'hibernate.transaction.jta.platform' to enable JTA platform integration)
2025-12-25 18:53:14.038 INFO  [] o.s.o.j.LocalContainerEntityManagerFactoryBean - Initialized JPA EntityManagerFactory for persistence unit 'default'
2025-12-25 18:53:15.319 INFO  [] o.s.d.j.r.q.QueryEnhancerFactories - Hibernate is in classpath; If applicable, HQL parser will be used.
2025-12-25 18:53:16.127 WARN  [] o.s.b.j.a.JpaBaseConfiguration$JpaWebConfiguration - spring.jpa.open-in-view is enabled by default. Therefore, database queries may be performed during view rendering. Explicitly configure spring.jpa.open-in-view to disable this warning
2025-12-25 18:53:16.527 WARN  [] o.s.b.s.a.UserDetailsServiceAutoConfiguration - 

Using generated security password: ba2de6cd-f952-4f4f-9b1d-457bcdf1e9d1

This generated password is for development use only. Your security configuration must be updated before running your application in production.

2025-12-25 18:53:16.548 INFO  [] o.s.s.c.a.a.c.InitializeUserDetailsBeanManagerConfigurer$InitializeUserDetailsManagerConfigurer - Global AuthenticationManager configured with UserDetailsService bean with name inMemoryUserDetailsManager
2025-12-25 18:53:16.772 INFO  [] c.a.t.config.DevSecurityConfig - Activating dev-no-security SecurityFilterChain: permitting all requests
2025-12-25 18:53:16.918 INFO  [] c.a.t.config.DevSecurityConfig - Dev web security customizer: ignoring static and API endpoints
2025-12-25 18:53:16.927 INFO  [] c.a.t.config.FallbackCacheConfig - No Redis CacheManager present; using in-memory fallback CacheManager for local dev.
2025-12-25 18:53:19.149 WARN  [] o.s.s.c.a.web.builders.WebSecurity - You are asking Spring Security to ignore PathPattern [/api/**]. This is not recommended -- please use permitAll via HttpSecurity#authorizeHttpRequests instead.
2025-12-25 18:53:19.150 WARN  [] o.s.s.c.a.web.builders.WebSecurity - You are asking Spring Security to ignore PathPattern [/actuator/**]. This is not recommended -- please use permitAll via HttpSecurity#authorizeHttpRequests instead.
2025-12-25 18:53:19.150 WARN  [] o.s.s.c.a.web.builders.WebSecurity - You are asking Spring Security to ignore PathPattern [/static/**]. This is not recommended -- please use permitAll via HttpSecurity#authorizeHttpRequests instead.
2025-12-25 18:53:19.247 INFO  [] o.s.b.a.e.web.EndpointLinksResolver - Exposing 1 endpoint beneath base path '/actuator'
2025-12-25 18:53:19.378 INFO  [] o.a.coyote.http11.Http11NioProtocol - Starting ProtocolHandler ["http-nio-8080"]
2025-12-25 18:53:19.400 INFO  [] o.s.boot.tomcat.TomcatWebServer - Tomcat started on port 8080 (http) with context path '/'
2025-12-25 18:53:19.420 INFO  [] c.a.t.TraveloptimizerApplication - Started TraveloptimizerApplication in 14.86 seconds (process running for 15.83)
2025-12-25 18:53:19.853 INFO  [] o.a.c.c.C.[Tomcat].[localhost].[/] - Initializing Spring DispatcherServlet 'dispatcherServlet'
2025-12-25 18:53:19.855 INFO  [] o.s.web.servlet.DispatcherServlet - Initializing Servlet 'dispatcherServlet'
2025-12-25 18:53:19.858 INFO  [] o.s.web.servlet.DispatcherServlet - Completed initialization in 2 ms
2025-12-25 18:53:20.207 INFO  [] c.a.t.config.RedisHealthLogger - Redis health check successful: PONG
2025-12-25 18:53:23.650 INFO  [ff37543c-0657-4196-89fb-d9099601a838] c.a.t.s.impl.TripSearchServiceImpl - Persisting TripSearch for JFK -> LAX
2025-12-25 18:53:25.036 INFO  [] c.a.t.p.i.AmadeusFlightSearchProvider - Amadeus token acquired (timeoutMs=10000ms) for origin=JFK dest=LAX
2025-12-25 18:53:27.866 INFO  [] c.a.t.p.i.AmadeusFlightSearchProvider - Amadeus offers returned: 10 (origin=JFK dest=LAX timeoutMs=10000ms)
